redis连接耗时:9.1209411621094ms
<br/>redis连接耗时:8.8469982147217ms
<br/>redis连接耗时:8.821964263916ms
<br/>redis连接耗时:8.9900493621826ms
<br/>redis连接耗时:9.2079639434814ms
<br/>测试:incr 原子性 对比原始
<br/>测试:incr 原子性 对比原始
<br/>测试:incr 原子性 对比原始
<br/>测试:incr 原子性 对比原始
<br/>测试:incr 原子性 对比原始
<br/>原始值：13570
<br/>原始值：13570
<br/>原始值：13570
<br/>原始值：13570
<br/>原始值：13570
<br/>目标值：27132
<br/>测试:incr 原子性 对比原始 执行时间:1.771388053894
<br/>目标值：27137
<br/>测试:incr 原子性 对比原始 执行时间:1.7721898555756
<br/>目标值：27150
<br/>测试:incr 原子性 对比原始 执行时间:1.7742037773132
<br/>目标值：27150
<br/>测试:incr 原子性 对比原始 执行时间:1.7742838859558
<br/>目标值：27167
<br/>测试:incr 原子性 对比原始 执行时间:1.7764000892639
<br/>redis连接耗时:7.5929164886475ms
<br/>测试:incr 原子性 对比原始
<br/>redis连接耗时:7.6010227203369ms
<br/>测试:incr 原子性 对比原始
<br/>原始值：
<br/>原始值：
<br/>目标值：10047
<br/>目标值：10051
<br/>测试:incr 原子性 对比原始 执行时间:0.90701413154602
<br/>测试:incr 原子性 对比原始 执行时间:0.90738797187805
<br/>redis连接耗时:3.727912902832ms
<br/>测试:incr 原子性 对比原始
<br/>redis连接耗时:3.6509037017822ms
<br/>测试:incr 原子性 对比原始
<br/>原始值：10051
<br/>原始值：10052
<br/>目标值：20112
<br/>测试:incr 原子性 对比原始 执行时间:0.94492697715759
<br/>目标值：20120
<br/>测试:incr 原子性 对比原始 执行时间:0.94648718833923
<br/>redis连接耗时:3.2341480255127ms
<br/>测试:incr 原子性 对比原始
<br/>redis连接耗时:2.8300285339355ms
<br/>测试:incr 原子性 对比原始
<br/>原始值：
<br/>原始值：
<br/>目标值：10095
<br/>测试:incr 原子性 对比原始 执行时间:1.0071601867676
<br/>目标值：10108
<br/>测试:incr 原子性 对比原始 执行时间:1.0085551738739
<br/>redis连接耗时:8.4240436553955ms
<br/>测试:incr 原子性 对比原始
<br/>redis连接耗时:8.4278583526611ms
<br/>测试:incr 原子性 对比原始
<br/>原始值：
<br/>原始值：
<br/>目标值：19995
<br/>测试:incr 原子性 对比原始 执行时间:0.45415306091309
<br/>目标值：20000
<br/>测试:incr 原子性 对比原始 执行时间:0.4544529914856
<br/>redis连接耗时:2.5229454040527ms
<br/>测试:incr 原子性 对比原始
<br/>原始值：20000
<br/>redis连接耗时:4.0180683135986ms
<br/>测试:incr 原子性 对比原始
<br/>原始值：20022
<br/>目标值：39987
<br/>测试:incr 原子性 对比原始 执行时间:0.47261810302734
<br/>目标值：40000
<br/>测试:incr 原子性 对比原始 执行时间:0.47076201438904
<br/>redis连接耗时:2.4020671844482ms
<br/>测试:incr 原子性 对比原始
<br/>redis连接耗时:2.5129318237305ms
<br/>测试:incr 原子性 对比原始
<br/>原始值：40000
<br/>原始值：40003
<br/>目标值：59993
<br/>测试:incr 原子性 对比原始 执行时间:0.48521399497986
<br/>目标值：60000
<br/>测试:incr 原子性 对比原始 执行时间:0.48603487014771
<br/>redis连接耗时:2.1791458129883ms
<br/>测试:incr 原子性 对比原始
<br/>原始值：
<br/>redis连接耗时:3.5910606384277ms
<br/>测试:incr 原子性 对比原始
<br/>原始值：30
<br/>目标值：19952
<br/>测试:incr 原子性 对比原始 执行时间:0.4769868850708
<br/>目标值：20000
<br/>测试:incr 原子性 对比原始 执行时间:0.47609210014343
<br/>redis连接耗时:3.1359195709229ms
<br/>测试:incr 原子性 对比原始
<br/>redis连接耗时:3.9119720458984ms
<br/>测试:incr 原子性 对比原始
<br/>原始值：20000
<br/>原始值：20000
<br/>目标值：30049
<br/>测试:incr 原子性 对比原始 执行时间:0.93704199790955
<br/>目标值：30053
<br/>测试:incr 原子性 对比原始 执行时间:0.93795800209045
<br/>redis连接耗时:7.8790187835693ms
<br/>redis连接耗时:7.9751014709473ms
<br/>redis连接耗时:7.936954498291ms
<br/>redis连接耗时:7.8928470611572ms
<br/>测试:incr 原子性 对比原始
<br/>redis连接耗时:7.9450607299805ms
<br/>redis连接耗时:7.9832077026367ms
<br/>redis连接耗时:7.9619884490967ms
<br/>redis连接耗时:7.9240798950195ms
<br/>测试:incr 原子性 对比原始
<br/>测试:incr 原子性 对比原始
<br/>测试:incr 原子性 对比原始
<br/>测试:incr 原子性 对比原始
<br/>测试:incr 原子性 对比原始
<br/>测试:incr 原子性 对比原始
<br/>测试:incr 原子性 对比原始
<br/>redis连接耗时:8.0628395080566ms
<br/>测试:incr 原子性 对比原始
<br/>redis连接耗时:8.0211162567139ms
<br/>测试:incr 原子性 对比原始
<br/>原始值：30053
<br/>原始值：30053
<br/>原始值：30053
<br/>原始值：30053
<br/>原始值：30053
<br/>原始值：30053
<br/>原始值：30053
<br/>原始值：30053
<br/>原始值：30053
<br/>原始值：30053
<br/>目标值：46327
<br/>测试:incr 原子性 对比原始 执行时间:3.6190900802612
<br/>目标值：46330
<br/>测试:incr 原子性 对比原始 执行时间:3.6206359863281
<br/>目标值：46385
<br/>测试:incr 原子性 对比原始 执行时间:3.6395540237427
<br/>目标值：46392
<br/>目标值：46392
<br/>测试:incr 原子性 对比原始 执行时间:3.640928030014
<br/>测试:incr 原子性 对比原始 执行时间:3.6408998966217
<br/>目标值：46394
<br/>测试:incr 原子性 对比原始 执行时间:3.6414358615875
<br/>目标值：46395
<br/>测试:incr 原子性 对比原始 执行时间:3.641697883606
<br/>目标值：46397
<br/>测试:incr 原子性 对比原始 执行时间:3.6422481536865
<br/>目标值：46399
<br/>测试:incr 原子性 对比原始 执行时间:3.6429941654205
<br/>目标值：46404
<br/>测试:incr 原子性 对比原始 执行时间:3.646449804306
<br/>redis连接耗时:4.9619674682617ms
<br/>测试:incr 原子性 对比原始
<br/>redis连接耗时:5.781888961792ms
<br/>测试:incr 原子性 对比原始
<br/>redis连接耗时:8.3489418029785ms
<br/>测试:incr 原子性 对比原始
<br/>redis连接耗时:3.5741329193115ms
<br/>测试:incr 原子性 对比原始
<br/>redis连接耗时:3.6749839782715ms
<br/>测试:incr 原子性 对比原始
<br/>redis连接耗时:3.652811050415ms
<br/>测试:incr 原子性 对比原始
<br/>原始值：
<br/>原始值：
<br/>原始值：
<br/>原始值：
<br/>原始值：
<br/>原始值：
<br/>redis连接耗时:3.8490295410156ms
<br/>测试:incr 原子性 对比原始
<br/>原始值：9
<br/>redis连接耗时:3.8771629333496ms
<br/>测试:incr 原子性 对比原始
<br/>原始值：14
<br/>redis连接耗时:4.8158168792725ms
<br/>测试:incr 原子性 对比原始
<br/>redis连接耗时:4.7180652618408ms
<br/>测试:incr 原子性 对比原始
<br/>原始值：27
<br/>原始值：27
<br/>目标值：16393
<br/>测试:incr 原子性 对比原始 执行时间:3.7868959903717
<br/>目标值：16395
<br/>测试:incr 原子性 对比原始 执行时间:3.7873878479004
<br/>目标值：16395
<br/>测试:incr 原子性 对比原始 执行时间:3.7929010391235
<br/>目标值：16397
<br/>测试:incr 原子性 对比原始 执行时间:3.7877519130707
<br/>目标值：16399
<br/>测试:incr 原子性 对比原始 执行时间:3.7929620742798
<br/>目标值：16414
<br/>测试:incr 原子性 对比原始 执行时间:3.7957708835602
<br/>目标值：16420
<br/>测试:incr 原子性 对比原始 执行时间:3.7886040210724
<br/>目标值：16424
<br/>测试:incr 原子性 对比原始 执行时间:3.7909269332886
<br/>目标值：16428
<br/>测试:incr 原子性 对比原始 执行时间:3.7855010032654
<br/>目标值：16433
<br/>测试:incr 原子性 对比原始 执行时间:3.7861959934235
<br/>redis连接耗时:7.7600479125977ms
<br/>redis连接耗时:7.5788497924805ms
<br/>redis连接耗时:7.7669620513916ms
<br/>redis连接耗时:7.7540874481201ms
<br/>redis连接耗时:7.781982421875ms
<br/>redis连接耗时:7.7800750732422ms
<br/>redis连接耗时:7.904052734375ms
<br/>redis连接耗时:7.896900177002ms
<br/>redis连接耗时:7.6789855957031ms
<br/>redis连接耗时:7.7729225158691ms
<br/>redis连接耗时:7.4570178985596ms
<br/>redis连接耗时:7.4489116668701ms
<br/>redis连接耗时:7.4508190155029ms
<br/>redis连接耗时:7.3099136352539ms
<br/>redis连接耗时:7.4670314788818ms
<br/>redis连接耗时:7.5309276580811ms
<br/>redis连接耗时:7.3971748352051ms
<br/>redis连接耗时:7.5919628143311ms
<br/>redis连接耗时:7.3537826538086ms
<br/>redis连接耗时:7.5109004974365ms
<br/>redis连接耗时:8.7759494781494ms
<br/>redis连接耗时:8.7828636169434ms
<br/>redis连接耗时:8.7740421295166ms
<br/>redis连接耗时:8.7730884552002ms
<br/>redis连接耗时:8.5570812225342ms
<br/>redis连接耗时:8.7780952453613ms
<br/>redis连接耗时:8.5659027099609ms
<br/>redis连接耗时:8.9190006256104ms
<br/>redis连接耗时:8.9340209960938ms
<br/>redis连接耗时:8.9120864868164ms
<br/>redis连接耗时:10.025978088379ms
<br/>redis连接耗时:10.159969329834ms
<br/>redis连接耗时:10.199069976807ms
<br/>redis连接耗时:10.252952575684ms
<br/>redis连接耗时:10.499954223633ms
<br/>redis连接耗时:10.50591468811ms
<br/>redis连接耗时:10.465860366821ms
<br/>redis连接耗时:10.53786277771ms
<br/>redis连接耗时:10.726928710938ms
<br/>redis连接耗时:10.910034179688ms
<br/>redis连接耗时:4.2998790740967ms
<br/>redis连接耗时:4.155158996582ms
<br/>redis连接耗时:10.020971298218ms
<br/>redis连接耗时:10.269165039062ms
<br/>redis连接耗时:10.186910629272ms
<br/>redis连接耗时:10.13708114624ms
<br/>redis连接耗时:10.511875152588ms
<br/>redis连接耗时:10.380029678345ms
<br/>redis连接耗时:10.621786117554ms
<br/>redis连接耗时:8.6381435394287ms
<br/>redis连接耗时:4.4729709625244ms
<br/>redis连接耗时:4.3649673461914ms
<br/>redis连接耗时:6.1521530151367ms
<br/>redis连接耗时:4.619836807251ms
<br/>redis连接耗时:3.7920475006104ms
<br/>redis连接耗时:10.385990142822ms
<br/>redis连接耗时:3.8611888885498ms
<br/>redis连接耗时:4.5111179351807ms
<br/>redis连接耗时:4.6138763427734ms
<br/>redis连接耗时:4.2769908905029ms
<br/>redis连接耗时:7.4520111083984ms
<br/>redis连接耗时:5.1670074462891ms
<br/>redis连接耗时:7.3020458221436ms
<br/>redis连接耗时:7.4200630187988ms
<br/>redis连接耗时:7.4589252471924ms
<br/>redis连接耗时:7.3020458221436ms
<br/>redis连接耗时:7.594108581543ms
<br/>redis连接耗时:3.3040046691895ms
<br/>redis连接耗时:7.5130462646484ms
<br/>redis连接耗时:3.4708976745605ms
<br/>redis连接耗时:3.3609867095947ms
<br/>redis连接耗时:3.7631988525391ms
<br/>redis连接耗时:3.5150051116943ms
<br/>redis连接耗时:3.3681392669678ms
<br/>redis连接耗时:3.3769607543945ms
<br/>redis连接耗时:3.8797855377197ms
<br/>redis连接耗时:3.9739608764648ms
<br/>redis连接耗时:3.9589405059814ms
<br/>redis连接耗时:4.1618347167969ms
<br/>redis连接耗时:3.9210319519043ms
<br/>redis连接耗时:6.1819553375244ms
<br/>redis连接耗时:7.282018661499ms
<br/>redis连接耗时:5.1360130310059ms
<br/>redis连接耗时:7.7130794525146ms
<br/>redis连接耗时:5.587100982666ms
<br/>redis连接耗时:7.0579051971436ms
<br/>redis连接耗时:7.2271823883057ms
<br/>redis连接耗时:6.7207813262939ms
<br/>redis连接耗时:3.8528442382812ms
<br/>redis连接耗时:3.6599636077881ms
<br/>redis连接耗时:7.2298049926758ms
<br/>redis连接耗时:4.8909187316895ms
<br/>redis连接耗时:7.2269439697266ms
<br/>redis连接耗时:7.2319507598877ms
<br/>redis连接耗时:7.0829391479492ms
<br/>redis连接耗时:7.1220397949219ms
<br/>redis连接耗时:5.6769847869873ms
<br/>redis连接耗时:7.2968006134033ms
<br/>redis连接耗时:7.4789524078369ms
<br/>redis连接耗时:4.4140815734863ms
<br/>redis连接耗时:7.4348449707031ms
<br/>redis连接耗时:7.6098442077637ms
<br/>redis连接耗时:7.5609683990479ms
<br/>redis连接耗时:4.8859119415283ms
<br/>redis连接耗时:7.4520111083984ms
<br/>redis连接耗时:7.4708461761475ms
<br/>redis连接耗时:7.749080657959ms
<br/>redis连接耗时:7.8721046447754ms
<br/>redis连接耗时:5.6920051574707ms
<br/>redis连接耗时:3.7357807159424ms
<br/>redis连接耗时:6.0570240020752ms
<br/>redis连接耗时:8.1169605255127ms
<br/>redis连接耗时:7.612943649292ms
<br/>redis连接耗时:7.6699256896973ms
<br/>redis连接耗时:6.3719749450684ms
<br/>redis连接耗时:6.6099166870117ms
<br/>redis连接耗时:8.044958114624ms
<br/>redis连接耗时:6.4477920532227ms
<br/>redis连接耗时:7.9109668731689ms
<br/>redis连接耗时:8.2740783691406ms
<br/>redis连接耗时:4.6720504760742ms
<br/>redis连接耗时:6.0360431671143ms
<br/>redis连接耗时:5.8300495147705ms
<br/>redis连接耗时:6.1759948730469ms
<br/>redis连接耗时:4.9281120300293ms
<br/>redis连接耗时:7.9348087310791ms
<br/>redis连接耗时:7.5960159301758ms
<br/>redis连接耗时:3.5908222198486ms
<br/>redis连接耗时:3.5450458526611ms
<br/>redis连接耗时:3.593921661377ms
<br/>redis连接耗时:4.7130584716797ms
<br/>redis连接耗时:4.6939849853516ms
<br/>redis连接耗时:4.9450397491455ms
<br/>redis连接耗时:6.0210227966309ms
<br/>redis连接耗时:4.9550533294678ms
<br/>redis连接耗时:4.4848918914795ms
<br/>redis连接耗时:4.2362213134766ms
<br/>redis连接耗时:4.0979385375977ms
<br/>redis连接耗时:3.76296043396ms
<br/>redis连接耗时:4.0531158447266ms
<br/>